<?xml version="1.0" encoding="UTF-8"?>
<testng-results ignored="0" total="14" passed="14" failed="0" skipped="0">
  <reporter-output>
  </reporter-output>
  <suite started-at="2026-06-14T23:18:34 IST" name="AutomationSuite" finished-at="2026-06-14T23:22:33 IST" duration-ms="239016">
    <groups>
    </groups>
    <test started-at="2026-06-14T23:18:34 IST" name="AllTests" finished-at="2026-06-14T23:22:33 IST" duration-ms="239016">
      <class name="Capstone_Project.BaseTest">
        <test-method is-config="true" signature="beforeMethod()[pri:0, instance:Capstone_Project.BaseTest@60db1c0e]" started-at="2026-06-14T23:18:35 IST" name="beforeMethod" finished-at="2026-06-14T23:18:47 IST" duration-ms="11800" status="PASS">
          <reporter-output>
          </reporter-output>
        </test-method> <!-- beforeMethod -->
        <test-method signature="TC01_EnterName(java.lang.String)[pri:1, instance:Capstone_Project.BaseTest@60db1c0e]" started-at="2026-06-14T23:18:47 IST" name="TC01_EnterName" data-provider="NameExcel" finished-at="2026-06-14T23:18:50 IST" duration-ms="3277" status="PASS">
          <params>
            <param index="0">
              <value>
                <![CDATA[Sai]]>
              </value>
            </param>
          </params>
          <reporter-output>
          </reporter-output>
        </test-method> <!-- TC01_EnterName -->
        <test-method is-config="true" signature="afterMethod()[pri:0, instance:Capstone_Project.BaseTest@60db1c0e]" started-at="2026-06-14T23:18:50 IST" name="afterMethod" finished-at="2026-06-14T23:18:50 IST" duration-ms="216" status="PASS">
          <reporter-output>
          </reporter-output>
        </test-method> <!-- afterMethod -->
        <test-method is-config="true" signature="beforeMethod()[pri:0, instance:Capstone_Project.BaseTest@60db1c0e]" started-at="2026-06-14T23:18:50 IST" name="beforeMethod" finished-at="2026-06-14T23:18:58 IST" duration-ms="7358" status="PASS">
          <reporter-output>
          </reporter-output>
        </test-method> <!-- beforeMethod -->
        <test-method signature="TC01_EnterName(java.lang.String)[pri:1, instance:Capstone_Project.BaseTest@60db1c0e]" started-at="2026-06-14T23:18:58 IST" name="TC01_EnterName" data-provider="NameExcel" finished-at="2026-06-14T23:19:01 IST" duration-ms="3200" status="PASS">
          <params>
            <param index="0">
              <value>
                <![CDATA[Teja]]>
              </value>
            </param>
          </params>
          <reporter-output>
          </reporter-output>
        </test-method> <!-- TC01_EnterName -->
        <test-method is-config="true" signature="afterMethod()[pri:0, instance:Capstone_Project.BaseTest@60db1c0e]" started-at="2026-06-14T23:19:01 IST" name="afterMethod" finished-at="2026-06-14T23:19:01 IST" duration-ms="188" status="PASS">
          <reporter-output>
          </reporter-output>
        </test-method> <!-- afterMethod -->
        <test-method is-config="true" signature="beforeMethod()[pri:0, instance:Capstone_Project.BaseTest@60db1c0e]" started-at="2026-06-14T23:19:01 IST" name="beforeMethod" finished-at="2026-06-14T23:19:08 IST" duration-ms="7156" status="PASS">
          <reporter-output>
          </reporter-output>
        </test-method> <!-- beforeMethod -->
        <test-method signature="TC01_EnterName(java.lang.String)[pri:1, instance:Capstone_Project.BaseTest@60db1c0e]" started-at="2026-06-14T23:19:08 IST" name="TC01_EnterName" data-provider="NameExcel" finished-at="2026-06-14T23:19:11 IST" duration-ms="3205" status="PASS">
          <params>
            <param index="0">
              <value>
                <![CDATA[Sai Teja]]>
              </value>
            </param>
          </params>
          <reporter-output>
          </reporter-output>
        </test-method> <!-- TC01_EnterName -->
        <test-method is-config="true" signature="afterMethod()[pri:0, instance:Capstone_Project.BaseTest@60db1c0e]" started-at="2026-06-14T23:19:11 IST" name="afterMethod" finished-at="2026-06-14T23:19:12 IST" duration-ms="189" status="PASS">
          <reporter-output>
          </reporter-output>
        </test-method> <!-- afterMethod -->
        <test-method is-config="true" signature="beforeMethod()[pri:0, instance:Capstone_Project.BaseTest@60db1c0e]" started-at="2026-06-14T23:19:12 IST" name="beforeMethod" finished-at="2026-06-14T23:19:19 IST" duration-ms="7375" status="PASS">
          <reporter-output>
          </reporter-output>
        </test-method> <!-- beforeMethod -->
        <test-method signature="TC02_RadioAndCheckBox()[pri:2, instance:Capstone_Project.BaseTest@60db1c0e]" started-at="2026-06-14T23:19:19 IST" name="TC02_RadioAndCheckBox" finished-at="2026-06-14T23:19:23 IST" duration-ms="3766" status="PASS">
          <reporter-output>
          </reporter-output>
        </test-method> <!-- TC02_RadioAndCheckBox -->
        <test-method is-config="true" signature="afterMethod()[pri:0, instance:Capstone_Project.BaseTest@60db1c0e]" started-at="2026-06-14T23:19:23 IST" name="afterMethod" finished-at="2026-06-14T23:19:23 IST" duration-ms="219" status="PASS">
          <reporter-output>
          </reporter-output>
        </test-method> <!-- afterMethod -->
        <test-method is-config="true" signature="beforeMethod()[pri:0, instance:Capstone_Project.BaseTest@60db1c0e]" started-at="2026-06-14T23:19:23 IST" name="beforeMethod" finished-at="2026-06-14T23:19:30 IST" duration-ms="7257" status="PASS">
          <reporter-output>
          </reporter-output>
        </test-method> <!-- beforeMethod -->
        <test-method signature="TC03_UploadFiles()[pri:3, instance:Capstone_Project.BaseTest@60db1c0e]" started-at="2026-06-14T23:19:30 IST" name="TC03_UploadFiles" finished-at="2026-06-14T23:19:39 IST" duration-ms="9131" status="PASS">
          <reporter-output>
          </reporter-output>
        </test-method> <!-- TC03_UploadFiles -->
        <test-method is-config="true" signature="afterMethod()[pri:0, instance:Capstone_Project.BaseTest@60db1c0e]" started-at="2026-06-14T23:19:39 IST" name="afterMethod" finished-at="2026-06-14T23:19:40 IST" duration-ms="260" status="PASS">
          <reporter-output>
          </reporter-output>
        </test-method> <!-- afterMethod -->
        <test-method is-config="true" signature="beforeMethod()[pri:0, instance:Capstone_Project.BaseTest@60db1c0e]" started-at="2026-06-14T23:19:40 IST" name="beforeMethod" finished-at="2026-06-14T23:19:47 IST" duration-ms="7443" status="PASS">
          <reporter-output>
          </reporter-output>
        </test-method> <!-- beforeMethod -->
        <test-method signature="TC04_PaginationTable()[pri:4, instance:Capstone_Project.BaseTest@60db1c0e]" started-at="2026-06-14T23:19:47 IST" name="TC04_PaginationTable" finished-at="2026-06-14T23:20:18 IST" duration-ms="30910" status="PASS">
          <reporter-output>
          </reporter-output>
        </test-method> <!-- TC04_PaginationTable -->
        <test-method is-config="true" signature="afterMethod()[pri:0, instance:Capstone_Project.BaseTest@60db1c0e]" started-at="2026-06-14T23:20:18 IST" name="afterMethod" finished-at="2026-06-14T23:20:18 IST" duration-ms="232" status="PASS">
          <reporter-output>
          </reporter-output>
        </test-method> <!-- afterMethod -->
        <test-method is-config="true" signature="beforeMethod()[pri:0, instance:Capstone_Project.BaseTest@60db1c0e]" started-at="2026-06-14T23:20:18 IST" name="beforeMethod" finished-at="2026-06-14T23:20:26 IST" duration-ms="7420" status="PASS">
          <reporter-output>
          </reporter-output>
        </test-method> <!-- beforeMethod -->
        <test-method signature="TC05_Forms(java.lang.String,java.lang.String,java.lang.String)[pri:5, instance:Capstone_Project.BaseTest@60db1c0e]" started-at="2026-06-14T23:20:26 IST" name="TC05_Forms" data-provider="paragraph" finished-at="2026-06-14T23:20:41 IST" duration-ms="15545" status="PASS">
          <params>
            <param index="0">
              <value>
                <![CDATA[The ocean is deep and wide]]>
              </value>
            </param>
            <param index="1">
              <value>
                <![CDATA[Stars shine bright at night]]>
              </value>
            </param>
            <param index="2">
              <value>
                <![CDATA[Rivers flow to the sea]]>
              </value>
            </param>
          </params>
          <reporter-output>
          </reporter-output>
        </test-method> <!-- TC05_Forms -->
        <test-method is-config="true" signature="afterMethod()[pri:0, instance:Capstone_Project.BaseTest@60db1c0e]" started-at="2026-06-14T23:20:41 IST" name="afterMethod" finished-at="2026-06-14T23:20:41 IST" duration-ms="219" status="PASS">
          <reporter-output>
          </reporter-output>
        </test-method> <!-- afterMethod -->
        <test-method is-config="true" signature="beforeMethod()[pri:0, instance:Capstone_Project.BaseTest@60db1c0e]" started-at="2026-06-14T23:20:41 IST" name="beforeMethod" finished-at="2026-06-14T23:20:49 IST" duration-ms="7294" status="PASS">
          <reporter-output>
          </reporter-output>
        </test-method> <!-- beforeMethod -->
        <test-method signature="TC06_Search(java.lang.String)[pri:6, instance:Capstone_Project.BaseTest@60db1c0e]" started-at="2026-06-14T23:20:49 IST" name="TC06_Search" data-provider="searchdata" finished-at="2026-06-14T23:21:10 IST" duration-ms="21463" status="PASS">
          <params>
            <param index="0">
              <value>
                <![CDATA[Laptop]]>
              </value>
            </param>
          </params>
          <reporter-output>
          </reporter-output>
        </test-method> <!-- TC06_Search -->
        <test-method is-config="true" signature="afterMethod()[pri:0, instance:Capstone_Project.BaseTest@60db1c0e]" started-at="2026-06-14T23:21:10 IST" name="afterMethod" finished-at="2026-06-14T23:21:10 IST" duration-ms="228" status="PASS">
          <reporter-output>
          </reporter-output>
        </test-method> <!-- afterMethod -->
        <test-method is-config="true" signature="beforeMethod()[pri:0, instance:Capstone_Project.BaseTest@60db1c0e]" started-at="2026-06-14T23:21:10 IST" name="beforeMethod" finished-at="2026-06-14T23:21:18 IST" duration-ms="7765" status="PASS">
          <reporter-output>
          </reporter-output>
        </test-method> <!-- beforeMethod -->
        <test-method signature="TC07_DynamicButton()[pri:7, instance:Capstone_Project.BaseTest@60db1c0e]" started-at="2026-06-14T23:21:18 IST" name="TC07_DynamicButton" finished-at="2026-06-14T23:21:25 IST" duration-ms="7193" status="PASS">
          <reporter-output>
          </reporter-output>
        </test-method> <!-- TC07_DynamicButton -->
        <test-method is-config="true" signature="afterMethod()[pri:0, instance:Capstone_Project.BaseTest@60db1c0e]" started-at="2026-06-14T23:21:25 IST" name="afterMethod" finished-at="2026-06-14T23:21:26 IST" duration-ms="251" status="PASS">
          <reporter-output>
          </reporter-output>
        </test-method> <!-- afterMethod -->
        <test-method is-config="true" signature="beforeMethod()[pri:0, instance:Capstone_Project.BaseTest@60db1c0e]" started-at="2026-06-14T23:21:26 IST" name="beforeMethod" finished-at="2026-06-14T23:21:33 IST" duration-ms="7308" status="PASS">
          <reporter-output>
          </reporter-output>
        </test-method> <!-- beforeMethod -->
        <test-method signature="TC08_Alerts()[pri:8, instance:Capstone_Project.BaseTest@60db1c0e]" started-at="2026-06-14T23:21:33 IST" name="TC08_Alerts" finished-at="2026-06-14T23:21:36 IST" duration-ms="3323" status="PASS">
          <reporter-output>
          </reporter-output>
        </test-method> <!-- TC08_Alerts -->
        <test-method is-config="true" signature="afterMethod()[pri:0, instance:Capstone_Project.BaseTest@60db1c0e]" started-at="2026-06-14T23:21:36 IST" name="afterMethod" finished-at="2026-06-14T23:21:36 IST" duration-ms="188" status="PASS">
          <reporter-output>
          </reporter-output>
        </test-method> <!-- afterMethod -->
        <test-method is-config="true" signature="beforeMethod()[pri:0, instance:Capstone_Project.BaseTest@60db1c0e]" started-at="2026-06-14T23:21:36 IST" name="beforeMethod" finished-at="2026-06-14T23:21:44 IST" duration-ms="7583" status="PASS">
          <reporter-output>
          </reporter-output>
        </test-method> <!-- beforeMethod -->
        <test-method signature="TC09_WindowHandling()[pri:9, instance:Capstone_Project.BaseTest@60db1c0e]" started-at="2026-06-14T23:21:44 IST" name="TC09_WindowHandling" finished-at="2026-06-14T23:21:55 IST" duration-ms="11056" status="PASS">
          <reporter-output>
          </reporter-output>
        </test-method> <!-- TC09_WindowHandling -->
        <test-method is-config="true" signature="afterMethod()[pri:0, instance:Capstone_Project.BaseTest@60db1c0e]" started-at="2026-06-14T23:21:55 IST" name="afterMethod" finished-at="2026-06-14T23:21:55 IST" duration-ms="199" status="PASS">
          <reporter-output>
          </reporter-output>
        </test-method> <!-- afterMethod -->
        <test-method is-config="true" signature="beforeMethod()[pri:0, instance:Capstone_Project.BaseTest@60db1c0e]" started-at="2026-06-14T23:21:55 IST" name="beforeMethod" finished-at="2026-06-14T23:22:03 IST" duration-ms="7369" status="PASS">
          <reporter-output>
          </reporter-output>
        </test-method> <!-- beforeMethod -->
        <test-method signature="TC10_MouseHover()[pri:10, instance:Capstone_Project.BaseTest@60db1c0e]" started-at="2026-06-14T23:22:03 IST" name="TC10_MouseHover" finished-at="2026-06-14T23:22:08 IST" duration-ms="5217" status="PASS">
          <reporter-output>
          </reporter-output>
        </test-method> <!-- TC10_MouseHover -->
        <test-method is-config="true" signature="afterMethod()[pri:0, instance:Capstone_Project.BaseTest@60db1c0e]" started-at="2026-06-14T23:22:08 IST" name="afterMethod" finished-at="2026-06-14T23:22:08 IST" duration-ms="189" status="PASS">
          <reporter-output>
          </reporter-output>
        </test-method> <!-- afterMethod -->
        <test-method is-config="true" signature="beforeMethod()[pri:0, instance:Capstone_Project.BaseTest@60db1c0e]" started-at="2026-06-14T23:22:08 IST" name="beforeMethod" finished-at="2026-06-14T23:22:16 IST" duration-ms="7595" status="PASS">
          <reporter-output>
          </reporter-output>
        </test-method> <!-- beforeMethod -->
        <test-method signature="TC11_DragAndDrop()[pri:11, instance:Capstone_Project.BaseTest@60db1c0e]" started-at="2026-06-14T23:22:16 IST" name="TC11_DragAndDrop" finished-at="2026-06-14T23:22:18 IST" duration-ms="2364" status="PASS">
          <reporter-output>
          </reporter-output>
        </test-method> <!-- TC11_DragAndDrop -->
        <test-method is-config="true" signature="afterMethod()[pri:0, instance:Capstone_Project.BaseTest@60db1c0e]" started-at="2026-06-14T23:22:18 IST" name="afterMethod" finished-at="2026-06-14T23:22:18 IST" duration-ms="201" status="PASS">
          <reporter-output>
          </reporter-output>
        </test-method> <!-- afterMethod -->
        <test-method is-config="true" signature="beforeMethod()[pri:0, instance:Capstone_Project.BaseTest@60db1c0e]" started-at="2026-06-14T23:22:18 IST" name="beforeMethod" finished-at="2026-06-14T23:22:26 IST" duration-ms="8223" status="PASS">
          <reporter-output>
          </reporter-output>
        </test-method> <!-- beforeMethod -->
        <test-method signature="TC12_BrokenLinks()[pri:12, instance:Capstone_Project.BaseTest@60db1c0e]" started-at="2026-06-14T23:22:26 IST" name="TC12_BrokenLinks" finished-at="2026-06-14T23:22:33 IST" duration-ms="6664" status="PASS">
          <reporter-output>
          </reporter-output>
        </test-method> <!-- TC12_BrokenLinks -->
        <test-method is-config="true" signature="afterMethod()[pri:0, instance:Capstone_Project.BaseTest@60db1c0e]" started-at="2026-06-14T23:22:33 IST" name="afterMethod" finished-at="2026-06-14T23:22:33 IST" duration-ms="202" status="PASS">
          <reporter-output>
          </reporter-output>
        </test-method> <!-- afterMethod -->
      </class> <!-- Capstone_Project.BaseTest -->
    </test> <!-- AllTests -->
  </suite> <!-- AutomationSuite -->
</testng-results>
