<?xml version="1.0" encoding="UTF-8"?>
<!-- Generated by org.testng.reporters.JUnitReportReporter -->
<testsuite hostname="LAPTOP-VC671D42" failures="0" tests="14" name="Capstone_Project.BaseTest" time="238.241" errors="0" timestamp="2026-06-14T23:22:34 IST" skipped="0">
  <testcase classname="Capstone_Project.BaseTest" name="TC01_EnterName" time="15.233"/>
  <testcase classname="Capstone_Project.BaseTest" name="TC01_EnterName" time="10.845"/>
  <testcase classname="Capstone_Project.BaseTest" name="TC01_EnterName" time="10.771"/>
  <testcase classname="Capstone_Project.BaseTest" name="TC02_RadioAndCheckBox" time="11.580"/>
  <testcase classname="Capstone_Project.BaseTest" name="TC03_UploadFiles" time="17.586"/>
  <testcase classname="Capstone_Project.BaseTest" name="TC04_PaginationTable" time="38.486"/>
  <testcase classname="Capstone_Project.BaseTest" name="TC05_Forms" time="23.499"/>
  <testcase classname="Capstone_Project.BaseTest" name="TC06_Search" time="28.818"/>
  <testcase classname="Capstone_Project.BaseTest" name="TC07_DynamicButton" time="14.739"/>
  <testcase classname="Capstone_Project.BaseTest" name="TC08_Alerts" time="10.796"/>
  <testcase classname="Capstone_Project.BaseTest" name="TC09_WindowHandling" time="18.718"/>
  <testcase classname="Capstone_Project.BaseTest" name="TC10_MouseHover" time="12.699"/>
  <testcase classname="Capstone_Project.BaseTest" name="TC11_DragAndDrop" time="10.198"/>
  <testcase classname="Capstone_Project.BaseTest" name="TC12_BrokenLinks" time="14.273"/>
</testsuite> <!-- Capstone_Project.BaseTest -->
