<?xml version="1.0" encoding="UTF-8"?>
<!-- Generated by org.testng.reporters.JUnitXMLReporter -->
<testsuite ignored="0" hostname="LAPTOP-VC671D42" failures="0" tests="14" name="AllTests" time="239.016" errors="0" timestamp="2026-06-14T23:22:34 IST">
  <testcase classname="Capstone_Project.BaseTest" name="TC01_EnterName" time="3.277"/>
  <testcase classname="Capstone_Project.BaseTest" name="TC01_EnterName" time="3.2"/>
  <testcase classname="Capstone_Project.BaseTest" name="TC01_EnterName" time="3.205"/>
  <testcase classname="Capstone_Project.BaseTest" name="TC02_RadioAndCheckBox" time="3.766"/>
  <testcase classname="Capstone_Project.BaseTest" name="TC03_UploadFiles" time="9.131"/>
  <testcase classname="Capstone_Project.BaseTest" name="TC04_PaginationTable" time="30.91"/>
  <testcase classname="Capstone_Project.BaseTest" name="TC05_Forms" time="15.545"/>
  <testcase classname="Capstone_Project.BaseTest" name="TC06_Search" time="21.463"/>
  <testcase classname="Capstone_Project.BaseTest" name="TC07_DynamicButton" time="7.193"/>
  <testcase classname="Capstone_Project.BaseTest" name="TC08_Alerts" time="3.323"/>
  <testcase classname="Capstone_Project.BaseTest" name="TC09_WindowHandling" time="11.056"/>
  <testcase classname="Capstone_Project.BaseTest" name="TC10_MouseHover" time="5.217"/>
  <testcase classname="Capstone_Project.BaseTest" name="TC11_DragAndDrop" time="2.364"/>
  <testcase classname="Capstone_Project.BaseTest" name="TC12_BrokenLinks" time="6.664"/>
</testsuite> <!-- AllTests -->
